<?xml version="1.0" encoding="UTF-8"?>
<testsuite name="Google" tests="1" skipped="0" failures="0" errors="0" timestamp="2020-12-19T13:41:47" hostname="admins-MacBook-Pro.local" time="7.017">
  <properties/>
  <testcase name="login" classname="Google" time="7.017"/>
  <system-out><![CDATA[]]></system-out>
  <system-err><![CDATA[Starting ChromeDriver 87.0.4280.88 (89e2380a3e36c3464b5dd1302349b1382549290d-refs/branch-heads/4280@{#1761}) on port 38732
Only local connections are allowed.
[1608385307.281][WARNING]: FromSockAddr failed on netmask
Please see https://chromedriver.chromium.org/security-considerations for suggestions on keeping ChromeDriver safe.
ChromeDriver was started successfully.
Dec 19, 2020 7:11:48 PM org.openqa.selenium.remote.ProtocolHandshake createSession
INFO: Detected dialect: W3C
]]></system-err>
</testsuite>
